[ 2018-04-21T02:08:01+08:00 ] 127.0.0.1 /
INFO: [ app_init ] --START--
INFO: Run Behavior\BuildLiteBehavior [ RunTime:0.000155s ]
INFO: [ app_init ] --END-- [ RunTime:0.001769s ]
INFO: [ app_begin ] --START--
INFO: Run Behavior\ReadHtmlCacheBehavior [ RunTime:0.001503s ]
INFO: [ app_begin ] --END-- [ RunTime:0.002337s ]

[ 2018-04-21T02:09:06+08:00 ] 127.0.0.1 /
INFO: [ app_init ] --START--
INFO: Run Behavior\BuildLiteBehavior [ RunTime:0.000015s ]
INFO: [ app_init ] --END-- [ RunTime:0.003866s ]
INFO: [ app_begin ] --START--
INFO: Run Behavior\ReadHtmlCacheBehavior [ RunTime:0.000648s ]
INFO: [ app_begin ] --END-- [ RunTime:0.000693s ]

[ 2018-04-21T02:11:37+08:00 ] 127.0.0.1 /index.php
INFO: [ app_init ] --START--
INFO: Run Behavior\BuildLiteBehavior [ RunTime:0.000024s ]
INFO: [ app_init ] --END-- [ RunTime:0.001132s ]
INFO: [ app_begin ] --START--
INFO: Run Behavior\ReadHtmlCacheBehavior [ RunTime:0.000820s ]
INFO: [ app_begin ] --END-- [ RunTime:0.000872s ]

[ 2018-04-21T02:11:50+08:00 ] 127.0.0.1 /index.php
INFO: [ app_init ] --START--
INFO: Run Behavior\BuildLiteBehavior [ RunTime:0.000059s ]
INFO: [ app_init ] --END-- [ RunTime:0.001249s ]
INFO: [ app_begin ] --START--
INFO: Run Behavior\ReadHtmlCacheBehavior [ RunTime:0.000748s ]
INFO: [ app_begin ] --END-- [ RunTime:0.000804s ]
NOTIC: [8] Undefined variable: currencyCode H:\projects\20180421_paypal\Application\Home\Controller\IndexController.class.php 第 33 行.
NOTIC: [8] Undefined variable: currencyCode H:\projects\20180421_paypal\Application\Home\Controller\IndexController.class.php 第 42 行.
NOTIC: [2] Creating default object from empty value H:\projects\20180421_paypal\Application\Home\Controller\IndexController.class.php 第 42 行.
NOTIC: [8] Undefined variable: currencyCode H:\projects\20180421_paypal\Application\Home\Controller\IndexController.class.php 第 60 行.
INFO: [ app_end ] --START--
INFO: Run Behavior\ShowPageTraceBehavior [ RunTime:0.000821s ]
INFO: [ app_end ] --END-- [ RunTime:0.000873s ]

[ 2018-04-21T02:14:15+08:00 ] 127.0.0.1 /index.php
INFO: [ app_init ] --START--
INFO: Run Behavior\BuildLiteBehavior [ RunTime:0.000013s ]
INFO: [ app_init ] --END-- [ RunTime:0.000738s ]
INFO: [ app_begin ] --START--
INFO: Run Behavior\ReadHtmlCacheBehavior [ RunTime:0.000918s ]
INFO: [ app_begin ] --END-- [ RunTime:0.000964s ]
NOTIC: [8] Undefined variable: currencyCode H:\projects\20180421_paypal\Application\Home\Controller\IndexController.class.php 第 33 行.
NOTIC: [8] Undefined variable: currencyCode H:\projects\20180421_paypal\Application\Home\Controller\IndexController.class.php 第 42 行.
NOTIC: [2] Creating default object from empty value H:\projects\20180421_paypal\Application\Home\Controller\IndexController.class.php 第 42 行.
NOTIC: [8] Undefined variable: currencyCode H:\projects\20180421_paypal\Application\Home\Controller\IndexController.class.php 第 60 行.
INFO: [ app_end ] --START--
INFO: Run Behavior\ShowPageTraceBehavior [ RunTime:0.000873s ]
INFO: [ app_end ] --END-- [ RunTime:0.000925s ]

[ 2018-04-21T21:34:18+08:00 ] 127.0.0.1 /index.php
INFO: [ app_init ] --START--
INFO: Run Behavior\BuildLiteBehavior [ RunTime:0.000029s ]
INFO: [ app_init ] --END-- [ RunTime:0.027504s ]
INFO: [ app_begin ] --START--
INFO: Run Behavior\ReadHtmlCacheBehavior [ RunTime:0.002570s ]
INFO: [ app_begin ] --END-- [ RunTime:0.002692s ]
NOTIC: [8] Undefined variable: currencyCode H:\projects\20180421_paypal\Application\Home\Controller\IndexController.class.php 第 33 行.
NOTIC: [8] Undefined variable: currencyCode H:\projects\20180421_paypal\Application\Home\Controller\IndexController.class.php 第 42 行.
NOTIC: [2] Creating default object from empty value H:\projects\20180421_paypal\Application\Home\Controller\IndexController.class.php 第 42 行.
NOTIC: [8] Undefined variable: currencyCode H:\projects\20180421_paypal\Application\Home\Controller\IndexController.class.php 第 60 行.
INFO: [ app_end ] --START--
INFO: Run Behavior\ShowPageTraceBehavior [ RunTime:0.014466s ]
INFO: [ app_end ] --END-- [ RunTime:0.014556s ]

[ 2018-04-21T22:12:18+08:00 ] 127.0.0.1 /index.php
INFO: [ app_init ] --START--
INFO: Run Behavior\BuildLiteBehavior [ RunTime:0.000010s ]
INFO: [ app_init ] --END-- [ RunTime:0.000692s ]
INFO: [ app_begin ] --START--
INFO: Run Behavior\ReadHtmlCacheBehavior [ RunTime:0.000773s ]
INFO: [ app_begin ] --END-- [ RunTime:0.000816s ]
NOTIC: [8] Undefined variable: currencyCode H:\projects\20180421_paypal\Application\Home\Controller\IndexController.class.php 第 33 行.
NOTIC: [8] Undefined variable: currencyCode H:\projects\20180421_paypal\Application\Home\Controller\IndexController.class.php 第 42 行.
NOTIC: [2] Creating default object from empty value H:\projects\20180421_paypal\Application\Home\Controller\IndexController.class.php 第 42 行.
NOTIC: [8] Undefined variable: currencyCode H:\projects\20180421_paypal\Application\Home\Controller\IndexController.class.php 第 60 行.
ERR: <url> malformed

[ 2018-04-21T22:25:34+08:00 ] 127.0.0.1 /index.php
INFO: [ app_init ] --START--
INFO: Run Behavior\BuildLiteBehavior [ RunTime:0.000010s ]
INFO: [ app_init ] --END-- [ RunTime:0.000891s ]
INFO: [ app_begin ] --START--
INFO: Run Behavior\ReadHtmlCacheBehavior [ RunTime:0.000872s ]
INFO: [ app_begin ] --END-- [ RunTime:0.000922s ]
NOTIC: [8] Undefined variable: currencyCode H:\projects\20180421_paypal\Application\Home\Controller\IndexController.class.php 第 33 行.
NOTIC: [8] Undefined variable: currencyCode H:\projects\20180421_paypal\Application\Home\Controller\IndexController.class.php 第 42 行.
NOTIC: [2] Creating default object from empty value H:\projects\20180421_paypal\Application\Home\Controller\IndexController.class.php 第 42 行.
NOTIC: [8] Undefined variable: currencyCode H:\projects\20180421_paypal\Application\Home\Controller\IndexController.class.php 第 60 行.
INFO: [ app_end ] --START--
INFO: Run Behavior\ShowPageTraceBehavior [ RunTime:0.002499s ]
INFO: [ app_end ] --END-- [ RunTime:0.002638s ]

[ 2018-04-21T22:26:26+08:00 ] 127.0.0.1 /index.php
INFO: [ app_init ] --START--
INFO: Run Behavior\BuildLiteBehavior [ RunTime:0.000012s ]
INFO: [ app_init ] --END-- [ RunTime:0.000618s ]
INFO: [ app_begin ] --START--
INFO: Run Behavior\ReadHtmlCacheBehavior [ RunTime:0.000691s ]
INFO: [ app_begin ] --END-- [ RunTime:0.000743s ]
NOTIC: [8] Undefined variable: currencyCode H:\projects\20180421_paypal\Application\Home\Controller\IndexController.class.php 第 33 行.
NOTIC: [8] Undefined variable: currencyCode H:\projects\20180421_paypal\Application\Home\Controller\IndexController.class.php 第 42 行.
NOTIC: [2] Creating default object from empty value H:\projects\20180421_paypal\Application\Home\Controller\IndexController.class.php 第 42 行.
NOTIC: [8] Undefined variable: currencyCode H:\projects\20180421_paypal\Application\Home\Controller\IndexController.class.php 第 60 行.
INFO: [ app_end ] --START--
INFO: Run Behavior\ShowPageTraceBehavior [ RunTime:0.000919s ]
INFO: [ app_end ] --END-- [ RunTime:0.000969s ]

[ 2018-04-21T22:32:24+08:00 ] 127.0.0.1 /
INFO: [ app_init ] --START--
INFO: Run Behavior\BuildLiteBehavior [ RunTime:0.000013s ]
INFO: [ app_init ] --END-- [ RunTime:0.013666s ]
INFO: [ app_begin ] --START--
INFO: Run Behavior\ReadHtmlCacheBehavior [ RunTime:0.069669s ]
INFO: [ app_begin ] --END-- [ RunTime:0.069726s ]
NOTIC: [8] Undefined variable: currencyCode H:\projects\20180421_paypal\Application\Home\Controller\IndexController.class.php 第 33 行.
NOTIC: [8] Undefined variable: currencyCode H:\projects\20180421_paypal\Application\Home\Controller\IndexController.class.php 第 42 行.
NOTIC: [2] Creating default object from empty value H:\projects\20180421_paypal\Application\Home\Controller\IndexController.class.php 第 42 行.
NOTIC: [8] Undefined variable: currencyCode H:\projects\20180421_paypal\Application\Home\Controller\IndexController.class.php 第 60 行.
INFO: [ app_end ] --START--
INFO: Run Behavior\ShowPageTraceBehavior [ RunTime:0.023455s ]
INFO: [ app_end ] --END-- [ RunTime:0.023521s ]

[ 2018-04-21T23:07:56+08:00 ] 127.0.0.1 /
INFO: [ app_init ] --START--
INFO: Run Behavior\BuildLiteBehavior [ RunTime:0.000009s ]
INFO: [ app_init ] --END-- [ RunTime:0.000648s ]
INFO: [ app_begin ] --START--
INFO: Run Behavior\ReadHtmlCacheBehavior [ RunTime:0.000703s ]
INFO: [ app_begin ] --END-- [ RunTime:0.000739s ]
NOTIC: [8] Undefined variable: currencyCode H:\projects\20180421_paypal\Application\Home\Controller\IndexController.class.php 第 33 行.
NOTIC: [8] Undefined variable: currencyCode H:\projects\20180421_paypal\Application\Home\Controller\IndexController.class.php 第 42 行.
NOTIC: [2] Creating default object from empty value H:\projects\20180421_paypal\Application\Home\Controller\IndexController.class.php 第 42 行.
NOTIC: [8] Undefined variable: currencyCode H:\projects\20180421_paypal\Application\Home\Controller\IndexController.class.php 第 60 行.
INFO: [ app_end ] --START--
INFO: Run Behavior\ShowPageTraceBehavior [ RunTime:0.000967s ]
INFO: [ app_end ] --END-- [ RunTime:0.001023s ]

[ 2018-04-21T23:08:58+08:00 ] 127.0.0.1 /
INFO: [ app_init ] --START--
INFO: Run Behavior\BuildLiteBehavior [ RunTime:0.000009s ]
INFO: [ app_init ] --END-- [ RunTime:0.000555s ]
INFO: [ app_begin ] --START--
INFO: Run Behavior\ReadHtmlCacheBehavior [ RunTime:0.000650s ]
INFO: [ app_begin ] --END-- [ RunTime:0.000685s ]
NOTIC: [8] Undefined variable: currencyCode H:\projects\20180421_paypal\Application\Home\Controller\IndexController.class.php 第 33 行.
NOTIC: [8] Undefined variable: currencyCode H:\projects\20180421_paypal\Application\Home\Controller\IndexController.class.php 第 42 行.
NOTIC: [2] Creating default object from empty value H:\projects\20180421_paypal\Application\Home\Controller\IndexController.class.php 第 42 行.
NOTIC: [8] Undefined variable: currencyCode H:\projects\20180421_paypal\Application\Home\Controller\IndexController.class.php 第 60 行.
INFO: [ app_end ] --START--
INFO: Run Behavior\ShowPageTraceBehavior [ RunTime:0.000985s ]
INFO: [ app_end ] --END-- [ RunTime:0.001032s ]

[ 2018-04-21T23:10:03+08:00 ] 127.0.0.1 /
INFO: [ app_init ] --START--
INFO: Run Behavior\BuildLiteBehavior [ RunTime:0.000010s ]
INFO: [ app_init ] --END-- [ RunTime:0.000709s ]
INFO: [ app_begin ] --START--
INFO: Run Behavior\ReadHtmlCacheBehavior [ RunTime:0.000663s ]
INFO: [ app_begin ] --END-- [ RunTime:0.000699s ]
NOTIC: [8] Undefined variable: currencyCode H:\projects\20180421_paypal\Application\Home\Controller\IndexController.class.php 第 33 行.
NOTIC: [8] Undefined variable: currencyCode H:\projects\20180421_paypal\Application\Home\Controller\IndexController.class.php 第 42 行.
NOTIC: [2] Creating default object from empty value H:\projects\20180421_paypal\Application\Home\Controller\IndexController.class.php 第 42 行.
NOTIC: [8] Undefined variable: currencyCode H:\projects\20180421_paypal\Application\Home\Controller\IndexController.class.php 第 60 行.
INFO: [ app_end ] --START--
INFO: Run Behavior\ShowPageTraceBehavior [ RunTime:0.002457s ]
INFO: [ app_end ] --END-- [ RunTime:0.002583s ]

[ 2018-04-21T23:12:10+08:00 ] 127.0.0.1 /
INFO: [ app_init ] --START--
INFO: Run Behavior\BuildLiteBehavior [ RunTime:0.000008s ]
INFO: [ app_init ] --END-- [ RunTime:0.000511s ]
INFO: [ app_begin ] --START--
INFO: Run Behavior\ReadHtmlCacheBehavior [ RunTime:0.000640s ]
INFO: [ app_begin ] --END-- [ RunTime:0.000674s ]
NOTIC: [8] Undefined variable: currencyCode H:\projects\20180421_paypal\Application\Home\Controller\IndexController.class.php 第 33 行.
NOTIC: [8] Undefined variable: currencyCode H:\projects\20180421_paypal\Application\Home\Controller\IndexController.class.php 第 42 行.
NOTIC: [2] Creating default object from empty value H:\projects\20180421_paypal\Application\Home\Controller\IndexController.class.php 第 42 行.
NOTIC: [8] Undefined variable: currencyCode H:\projects\20180421_paypal\Application\Home\Controller\IndexController.class.php 第 60 行.
INFO: [ app_end ] --START--
INFO: Run Behavior\ShowPageTraceBehavior [ RunTime:0.002845s ]
INFO: [ app_end ] --END-- [ RunTime:0.002962s ]

[ 2018-04-21T23:34:25+08:00 ] 127.0.0.1 /index.php
INFO: [ app_init ] --START--
INFO: Run Behavior\BuildLiteBehavior [ RunTime:0.000010s ]
INFO: [ app_init ] --END-- [ RunTime:0.000819s ]
INFO: [ app_begin ] --START--
INFO: Run Behavior\ReadHtmlCacheBehavior [ RunTime:0.000671s ]
INFO: [ app_begin ] --END-- [ RunTime:0.000708s ]
NOTIC: [8] Undefined variable: currencyCode H:\projects\20180421_paypal\Application\Home\Controller\IndexController.class.php 第 33 行.
NOTIC: [8] Undefined variable: currencyCode H:\projects\20180421_paypal\Application\Home\Controller\IndexController.class.php 第 42 行.
NOTIC: [2] Creating default object from empty value H:\projects\20180421_paypal\Application\Home\Controller\IndexController.class.php 第 42 行.
NOTIC: [8] Undefined variable: currencyCode H:\projects\20180421_paypal\Application\Home\Controller\IndexController.class.php 第 60 行.
INFO: [ app_end ] --START--
INFO: Run Behavior\ShowPageTraceBehavior [ RunTime:0.001041s ]
INFO: [ app_end ] --END-- [ RunTime:0.001092s ]

[ 2018-04-21T23:34:59+08:00 ] 127.0.0.1 /
INFO: [ app_init ] --START--
INFO: Run Behavior\BuildLiteBehavior [ RunTime:0.000009s ]
INFO: [ app_init ] --END-- [ RunTime:0.000522s ]
INFO: [ app_begin ] --START--
INFO: Run Behavior\ReadHtmlCacheBehavior [ RunTime:0.000632s ]
INFO: [ app_begin ] --END-- [ RunTime:0.000667s ]
NOTIC: [8] Undefined variable: currencyCode H:\projects\20180421_paypal\Application\Home\Controller\IndexController.class.php 第 33 行.
NOTIC: [8] Undefined variable: currencyCode H:\projects\20180421_paypal\Application\Home\Controller\IndexController.class.php 第 42 行.
NOTIC: [2] Creating default object from empty value H:\projects\20180421_paypal\Application\Home\Controller\IndexController.class.php 第 42 行.
NOTIC: [8] Undefined variable: currencyCode H:\projects\20180421_paypal\Application\Home\Controller\IndexController.class.php 第 60 行.
INFO: [ app_end ] --START--
INFO: Run Behavior\ShowPageTraceBehavior [ RunTime:0.000902s ]
INFO: [ app_end ] --END-- [ RunTime:0.000948s ]

