[ 2018-04-22T00:06:01+08:00 ] 127.0.0.1 /
INFO: [ app_init ] --START--
INFO: Run Behavior\BuildLiteBehavior [ RunTime:0.000025s ]
INFO: [ app_init ] --END-- [ RunTime:0.000773s ]
INFO: [ app_begin ] --START--
INFO: Run Behavior\ReadHtmlCacheBehavior [ RunTime:0.002999s ]
INFO: [ app_begin ] --END-- [ RunTime:0.003141s ]
NOTIC: [8] Undefined variable: currencyCode H:\projects\20180421_paypal\Application\Home\Controller\IndexController.class.php 第 33 行.
NOTIC: [8] Undefined variable: currencyCode H:\projects\20180421_paypal\Application\Home\Controller\IndexController.class.php 第 42 行.
NOTIC: [2] Creating default object from empty value H:\projects\20180421_paypal\Application\Home\Controller\IndexController.class.php 第 42 行.
NOTIC: [8] Undefined variable: currencyCode H:\projects\20180421_paypal\Application\Home\Controller\IndexController.class.php 第 60 行.
INFO: [ app_end ] --START--
INFO: Run Behavior\ShowPageTraceBehavior [ RunTime:0.000978s ]
INFO: [ app_end ] --END-- [ RunTime:0.001029s ]

[ 2018-04-22T00:10:41+08:00 ] 127.0.0.1 /
INFO: [ app_init ] --START--
INFO: Run Behavior\BuildLiteBehavior [ RunTime:0.000009s ]
INFO: [ app_init ] --END-- [ RunTime:0.000656s ]
INFO: [ app_begin ] --START--
INFO: Run Behavior\ReadHtmlCacheBehavior [ RunTime:0.000669s ]
INFO: [ app_begin ] --END-- [ RunTime:0.000704s ]
NOTIC: [8] Undefined variable: currencyCode H:\projects\20180421_paypal\Application\Home\Controller\IndexController.class.php 第 33 行.
NOTIC: [8] Undefined variable: currencyCode H:\projects\20180421_paypal\Application\Home\Controller\IndexController.class.php 第 42 行.
NOTIC: [2] Creating default object from empty value H:\projects\20180421_paypal\Application\Home\Controller\IndexController.class.php 第 42 行.
NOTIC: [8] Undefined variable: currencyCode H:\projects\20180421_paypal\Application\Home\Controller\IndexController.class.php 第 60 行.

[ 2018-04-22T00:15:14+08:00 ] 127.0.0.1 /
INFO: [ app_init ] --START--
INFO: Run Behavior\BuildLiteBehavior [ RunTime:0.000008s ]
INFO: [ app_init ] --END-- [ RunTime:0.000582s ]
INFO: [ app_begin ] --START--
INFO: Run Behavior\ReadHtmlCacheBehavior [ RunTime:0.000652s ]
INFO: [ app_begin ] --END-- [ RunTime:0.000688s ]
NOTIC: [8] Undefined variable: currencyCode H:\projects\20180421_paypal\Application\Home\Controller\IndexController.class.php 第 33 行.
NOTIC: [8] Undefined variable: currencyCode H:\projects\20180421_paypal\Application\Home\Controller\IndexController.class.php 第 42 行.
NOTIC: [2] Creating default object from empty value H:\projects\20180421_paypal\Application\Home\Controller\IndexController.class.php 第 42 行.
NOTIC: [8] Undefined variable: currencyCode H:\projects\20180421_paypal\Application\Home\Controller\IndexController.class.php 第 60 行.
INFO: [ app_end ] --START--
INFO: Run Behavior\ShowPageTraceBehavior [ RunTime:0.000932s ]
INFO: [ app_end ] --END-- [ RunTime:0.000981s ]

[ 2018-04-22T00:20:35+08:00 ] 127.0.0.1 /
INFO: [ app_init ] --START--
INFO: Run Behavior\BuildLiteBehavior [ RunTime:0.000010s ]
INFO: [ app_init ] --END-- [ RunTime:0.000718s ]
INFO: [ app_begin ] --START--
INFO: Run Behavior\ReadHtmlCacheBehavior [ RunTime:0.000683s ]
INFO: [ app_begin ] --END-- [ RunTime:0.000718s ]
NOTIC: [8] Undefined variable: currencyCode H:\projects\20180421_paypal\Application\Home\Controller\IndexController.class.php 第 33 行.
NOTIC: [8] Undefined variable: currencyCode H:\projects\20180421_paypal\Application\Home\Controller\IndexController.class.php 第 42 行.
NOTIC: [2] Creating default object from empty value H:\projects\20180421_paypal\Application\Home\Controller\IndexController.class.php 第 42 行.
NOTIC: [8] Undefined variable: currencyCode H:\projects\20180421_paypal\Application\Home\Controller\IndexController.class.php 第 60 行.
INFO: [ app_end ] --START--
INFO: Run Behavior\ShowPageTraceBehavior [ RunTime:0.002462s ]
INFO: [ app_end ] --END-- [ RunTime:0.002594s ]

[ 2018-04-22T00:25:13+08:00 ] 127.0.0.1 /
INFO: [ app_init ] --START--
INFO: Run Behavior\BuildLiteBehavior [ RunTime:0.000009s ]
INFO: [ app_init ] --END-- [ RunTime:0.000607s ]
INFO: [ app_begin ] --START--
INFO: Run Behavior\ReadHtmlCacheBehavior [ RunTime:0.000663s ]
INFO: [ app_begin ] --END-- [ RunTime:0.000700s ]
NOTIC: [8] Undefined variable: currencyCode H:\projects\20180421_paypal\Application\Home\Controller\IndexController.class.php 第 33 行.
NOTIC: [8] Undefined variable: currencyCode H:\projects\20180421_paypal\Application\Home\Controller\IndexController.class.php 第 42 行.
NOTIC: [2] Creating default object from empty value H:\projects\20180421_paypal\Application\Home\Controller\IndexController.class.php 第 42 行.
NOTIC: [8] Undefined variable: currencyCode H:\projects\20180421_paypal\Application\Home\Controller\IndexController.class.php 第 60 行.
INFO: [ app_end ] --START--
INFO: Run Behavior\ShowPageTraceBehavior [ RunTime:0.000864s ]
INFO: [ app_end ] --END-- [ RunTime:0.000918s ]

[ 2018-04-22T00:29:18+08:00 ] 127.0.0.1 /
INFO: [ app_init ] --START--
INFO: Run Behavior\BuildLiteBehavior [ RunTime:0.000010s ]
INFO: [ app_init ] --END-- [ RunTime:0.000572s ]
INFO: [ app_begin ] --START--
INFO: Run Behavior\ReadHtmlCacheBehavior [ RunTime:0.000656s ]
INFO: [ app_begin ] --END-- [ RunTime:0.000692s ]
NOTIC: [8] Undefined variable: currencyCode H:\projects\20180421_paypal\Application\Home\Controller\IndexController.class.php 第 33 行.
NOTIC: [8] Undefined variable: currencyCode H:\projects\20180421_paypal\Application\Home\Controller\IndexController.class.php 第 42 行.
NOTIC: [2] Creating default object from empty value H:\projects\20180421_paypal\Application\Home\Controller\IndexController.class.php 第 42 行.
NOTIC: [8] Undefined variable: currencyCode H:\projects\20180421_paypal\Application\Home\Controller\IndexController.class.php 第 60 行.
INFO: [ app_end ] --START--
INFO: Run Behavior\ShowPageTraceBehavior [ RunTime:0.001013s ]
INFO: [ app_end ] --END-- [ RunTime:0.001058s ]

[ 2018-04-22T00:30:18+08:00 ] 127.0.0.1 /
INFO: [ app_init ] --START--
INFO: Run Behavior\BuildLiteBehavior [ RunTime:0.000009s ]
INFO: [ app_init ] --END-- [ RunTime:0.000564s ]
INFO: [ app_begin ] --START--
INFO: Run Behavior\ReadHtmlCacheBehavior [ RunTime:0.000655s ]
INFO: [ app_begin ] --END-- [ RunTime:0.000690s ]
NOTIC: [8] Undefined variable: currencyCode H:\projects\20180421_paypal\Application\Home\Controller\IndexController.class.php 第 33 行.
NOTIC: [8] Undefined variable: currencyCode H:\projects\20180421_paypal\Application\Home\Controller\IndexController.class.php 第 42 行.
NOTIC: [2] Creating default object from empty value H:\projects\20180421_paypal\Application\Home\Controller\IndexController.class.php 第 42 行.
NOTIC: [8] Undefined variable: currencyCode H:\projects\20180421_paypal\Application\Home\Controller\IndexController.class.php 第 60 行.
INFO: [ app_end ] --START--
INFO: Run Behavior\ShowPageTraceBehavior [ RunTime:0.000841s ]
INFO: [ app_end ] --END-- [ RunTime:0.000886s ]

[ 2018-04-22T00:32:37+08:00 ] 127.0.0.1 /
INFO: [ app_init ] --START--
INFO: Run Behavior\BuildLiteBehavior [ RunTime:0.000030s ]
INFO: [ app_init ] --END-- [ RunTime:0.003152s ]
INFO: [ app_begin ] --START--
INFO: Run Behavior\ReadHtmlCacheBehavior [ RunTime:0.000798s ]
INFO: [ app_begin ] --END-- [ RunTime:0.000839s ]
NOTIC: [8] Undefined variable: currencyCode H:\projects\20180421_paypal\Application\Home\Controller\IndexController.class.php 第 33 行.
NOTIC: [8] Undefined variable: currencyCode H:\projects\20180421_paypal\Application\Home\Controller\IndexController.class.php 第 42 行.
NOTIC: [2] Creating default object from empty value H:\projects\20180421_paypal\Application\Home\Controller\IndexController.class.php 第 42 行.
NOTIC: [8] Undefined variable: currencyCode H:\projects\20180421_paypal\Application\Home\Controller\IndexController.class.php 第 60 行.
INFO: [ app_end ] --START--
INFO: Run Behavior\ShowPageTraceBehavior [ RunTime:0.001701s ]
INFO: [ app_end ] --END-- [ RunTime:0.001785s ]

[ 2018-04-22T00:32:52+08:00 ] 127.0.0.1 /
INFO: [ app_init ] --START--
INFO: Run Behavior\BuildLiteBehavior [ RunTime:0.000055s ]
INFO: [ app_init ] --END-- [ RunTime:0.002523s ]
INFO: [ app_begin ] --START--
INFO: Run Behavior\ReadHtmlCacheBehavior [ RunTime:0.000700s ]
INFO: [ app_begin ] --END-- [ RunTime:0.000744s ]
NOTIC: [8] Undefined variable: currencyCode H:\projects\20180421_paypal\Application\Home\Controller\IndexController.class.php 第 33 行.
NOTIC: [8] Undefined variable: currencyCode H:\projects\20180421_paypal\Application\Home\Controller\IndexController.class.php 第 42 行.
NOTIC: [2] Creating default object from empty value H:\projects\20180421_paypal\Application\Home\Controller\IndexController.class.php 第 42 行.
NOTIC: [8] Undefined variable: currencyCode H:\projects\20180421_paypal\Application\Home\Controller\IndexController.class.php 第 60 行.
INFO: [ app_end ] --START--
INFO: Run Behavior\ShowPageTraceBehavior [ RunTime:0.000957s ]
INFO: [ app_end ] --END-- [ RunTime:0.001003s ]

[ 2018-04-22T00:33:34+08:00 ] 127.0.0.1 /
INFO: [ app_init ] --START--
INFO: Run Behavior\BuildLiteBehavior [ RunTime:0.000010s ]
INFO: [ app_init ] --END-- [ RunTime:0.000712s ]
INFO: [ app_begin ] --START--
INFO: Run Behavior\ReadHtmlCacheBehavior [ RunTime:0.000850s ]
INFO: [ app_begin ] --END-- [ RunTime:0.000905s ]
NOTIC: [8] Undefined variable: currencyCode H:\projects\20180421_paypal\Application\Home\Controller\IndexController.class.php 第 33 行.
NOTIC: [8] Undefined variable: currencyCode H:\projects\20180421_paypal\Application\Home\Controller\IndexController.class.php 第 42 行.
NOTIC: [2] Creating default object from empty value H:\projects\20180421_paypal\Application\Home\Controller\IndexController.class.php 第 42 行.
NOTIC: [8] Undefined variable: currencyCode H:\projects\20180421_paypal\Application\Home\Controller\IndexController.class.php 第 60 行.
INFO: [ app_end ] --START--
INFO: Run Behavior\ShowPageTraceBehavior [ RunTime:0.001074s ]
INFO: [ app_end ] --END-- [ RunTime:0.001125s ]

[ 2018-04-22T00:45:59+08:00 ] 127.0.0.1 /
INFO: [ app_init ] --START--
INFO: Run Behavior\BuildLiteBehavior [ RunTime:0.000010s ]
INFO: [ app_init ] --END-- [ RunTime:0.000607s ]
INFO: [ app_begin ] --START--
INFO: Run Behavior\ReadHtmlCacheBehavior [ RunTime:0.000789s ]
INFO: [ app_begin ] --END-- [ RunTime:0.000869s ]
NOTIC: [8] Undefined variable: currencyCode H:\projects\20180421_paypal\Application\Home\Controller\IndexController.class.php 第 33 行.
NOTIC: [8] Undefined variable: currencyCode H:\projects\20180421_paypal\Application\Home\Controller\IndexController.class.php 第 42 行.
NOTIC: [2] Creating default object from empty value H:\projects\20180421_paypal\Application\Home\Controller\IndexController.class.php 第 42 行.
NOTIC: [8] Undefined variable: currencyCode H:\projects\20180421_paypal\Application\Home\Controller\IndexController.class.php 第 60 行.
INFO: [ app_end ] --START--
INFO: Run Behavior\ShowPageTraceBehavior [ RunTime:0.000852s ]
INFO: [ app_end ] --END-- [ RunTime:0.000898s ]

[ 2018-04-22T00:46:11+08:00 ] 127.0.0.1 /
INFO: [ app_init ] --START--
INFO: Run Behavior\BuildLiteBehavior [ RunTime:0.000009s ]
INFO: [ app_init ] --END-- [ RunTime:0.000562s ]
INFO: [ app_begin ] --START--
INFO: Run Behavior\ReadHtmlCacheBehavior [ RunTime:0.000640s ]
INFO: [ app_begin ] --END-- [ RunTime:0.000693s ]
NOTIC: [8] Undefined variable: currencyCode H:\projects\20180421_paypal\Application\Home\Controller\IndexController.class.php 第 33 行.
NOTIC: [8] Undefined variable: currencyCode H:\projects\20180421_paypal\Application\Home\Controller\IndexController.class.php 第 42 行.
NOTIC: [2] Creating default object from empty value H:\projects\20180421_paypal\Application\Home\Controller\IndexController.class.php 第 42 行.
NOTIC: [8] Undefined variable: currencyCode H:\projects\20180421_paypal\Application\Home\Controller\IndexController.class.php 第 60 行.
INFO: [ app_end ] --START--
INFO: Run Behavior\ShowPageTraceBehavior [ RunTime:0.000856s ]
INFO: [ app_end ] --END-- [ RunTime:0.000898s ]

[ 2018-04-22T00:48:52+08:00 ] 127.0.0.1 /
INFO: [ app_init ] --START--
INFO: Run Behavior\BuildLiteBehavior [ RunTime:0.000010s ]
INFO: [ app_init ] --END-- [ RunTime:0.000668s ]
INFO: [ app_begin ] --START--
INFO: Run Behavior\ReadHtmlCacheBehavior [ RunTime:0.000853s ]
INFO: [ app_begin ] --END-- [ RunTime:0.000915s ]
NOTIC: [8] Undefined variable: currencyCode H:\projects\20180421_paypal\Application\Home\Controller\IndexController.class.php 第 33 行.
NOTIC: [8] Undefined variable: currencyCode H:\projects\20180421_paypal\Application\Home\Controller\IndexController.class.php 第 42 行.
NOTIC: [2] Creating default object from empty value H:\projects\20180421_paypal\Application\Home\Controller\IndexController.class.php 第 42 行.
NOTIC: [8] Undefined variable: currencyCode H:\projects\20180421_paypal\Application\Home\Controller\IndexController.class.php 第 60 行.
ERR: Failed to connect to api-3t.sandbox.paypal.com port 443: Timed out

[ 2018-04-22T00:49:08+08:00 ] 127.0.0.1 /
INFO: [ app_init ] --START--
INFO: Run Behavior\BuildLiteBehavior [ RunTime:0.000009s ]
INFO: [ app_init ] --END-- [ RunTime:0.000672s ]
INFO: [ app_begin ] --START--
INFO: Run Behavior\ReadHtmlCacheBehavior [ RunTime:0.001670s ]
INFO: [ app_begin ] --END-- [ RunTime:0.001818s ]
NOTIC: [8] Undefined variable: currencyCode H:\projects\20180421_paypal\Application\Home\Controller\IndexController.class.php 第 33 行.
NOTIC: [8] Undefined variable: currencyCode H:\projects\20180421_paypal\Application\Home\Controller\IndexController.class.php 第 42 行.
NOTIC: [2] Creating default object from empty value H:\projects\20180421_paypal\Application\Home\Controller\IndexController.class.php 第 42 行.
NOTIC: [8] Undefined variable: currencyCode H:\projects\20180421_paypal\Application\Home\Controller\IndexController.class.php 第 60 行.
INFO: [ app_end ] --START--
INFO: Run Behavior\ShowPageTraceBehavior [ RunTime:0.000816s ]
INFO: [ app_end ] --END-- [ RunTime:0.000861s ]

[ 2018-04-22T00:50:37+08:00 ] 127.0.0.1 /
INFO: [ app_init ] --START--
INFO: Run Behavior\BuildLiteBehavior [ RunTime:0.000013s ]
INFO: [ app_init ] --END-- [ RunTime:0.000703s ]
INFO: [ app_begin ] --START--
INFO: Run Behavior\ReadHtmlCacheBehavior [ RunTime:0.002105s ]
INFO: [ app_begin ] --END-- [ RunTime:0.002205s ]
NOTIC: [8] Undefined variable: currencyCode H:\projects\20180421_paypal\Application\Home\Controller\IndexController.class.php 第 33 行.
NOTIC: [8] Undefined variable: currencyCode H:\projects\20180421_paypal\Application\Home\Controller\IndexController.class.php 第 42 行.
NOTIC: [2] Creating default object from empty value H:\projects\20180421_paypal\Application\Home\Controller\IndexController.class.php 第 42 行.
NOTIC: [8] Undefined variable: currencyCode H:\projects\20180421_paypal\Application\Home\Controller\IndexController.class.php 第 60 行.
INFO: [ app_end ] --START--
INFO: Run Behavior\ShowPageTraceBehavior [ RunTime:0.001100s ]
INFO: [ app_end ] --END-- [ RunTime:0.001147s ]

[ 2018-04-22T00:52:42+08:00 ] 127.0.0.1 /index.php?s=/home/index/return
INFO: [ app_init ] --START--
INFO: Run Behavior\BuildLiteBehavior [ RunTime:0.000013s ]
INFO: [ app_init ] --END-- [ RunTime:0.001203s ]
INFO: [ app_begin ] --START--
INFO: Run Behavior\ReadHtmlCacheBehavior [ RunTime:0.000761s ]
INFO: [ app_begin ] --END-- [ RunTime:0.000824s ]
ERR: 非法操作:return

[ 2018-04-22T00:52:58+08:00 ] 127.0.0.1 /index.php?s=/home/index/return
INFO: [ app_init ] --START--
INFO: Run Behavior\BuildLiteBehavior [ RunTime:0.000066s ]
INFO: [ app_init ] --END-- [ RunTime:0.001703s ]
INFO: [ app_begin ] --START--
INFO: Run Behavior\ReadHtmlCacheBehavior [ RunTime:0.000651s ]
INFO: [ app_begin ] --END-- [ RunTime:0.000691s ]
ERR: 非法操作:return

[ 2018-04-22T00:53:01+08:00 ] 127.0.0.1 /index.php?s=/home/index/return1
INFO: [ app_init ] --START--
INFO: Run Behavior\BuildLiteBehavior [ RunTime:0.000010s ]
INFO: [ app_init ] --END-- [ RunTime:0.000560s ]
INFO: [ app_begin ] --START--
INFO: Run Behavior\ReadHtmlCacheBehavior [ RunTime:0.000647s ]
INFO: [ app_begin ] --END-- [ RunTime:0.000684s ]
INFO: [ app_end ] --START--
INFO: Run Behavior\ShowPageTraceBehavior [ RunTime:0.000703s ]
INFO: [ app_end ] --END-- [ RunTime:0.000736s ]

[ 2018-04-22T00:53:21+08:00 ] 127.0.0.1 /
INFO: [ app_init ] --START--
INFO: Run Behavior\BuildLiteBehavior [ RunTime:0.000010s ]
INFO: [ app_init ] --END-- [ RunTime:0.000511s ]
INFO: [ app_begin ] --START--
INFO: Run Behavior\ReadHtmlCacheBehavior [ RunTime:0.000641s ]
INFO: [ app_begin ] --END-- [ RunTime:0.000674s ]
NOTIC: [8] Undefined variable: currencyCode H:\projects\20180421_paypal\Application\Home\Controller\IndexController.class.php 第 33 行.
NOTIC: [8] Undefined variable: currencyCode H:\projects\20180421_paypal\Application\Home\Controller\IndexController.class.php 第 42 行.
NOTIC: [2] Creating default object from empty value H:\projects\20180421_paypal\Application\Home\Controller\IndexController.class.php 第 42 行.
NOTIC: [8] Undefined variable: currencyCode H:\projects\20180421_paypal\Application\Home\Controller\IndexController.class.php 第 60 行.
INFO: [ app_end ] --START--
INFO: Run Behavior\ShowPageTraceBehavior [ RunTime:0.000986s ]
INFO: [ app_end ] --END-- [ RunTime:0.001045s ]

[ 2018-04-22T00:53:39+08:00 ] 127.0.0.1 /index.php?s=/home/index/return1&token=EC-1LE73949VD761831F&PayerID=VEW8JYRKUP85W
INFO: [ app_init ] --START--
INFO: Run Behavior\BuildLiteBehavior [ RunTime:0.000009s ]
INFO: [ app_init ] --END-- [ RunTime:0.000559s ]
INFO: [ app_begin ] --START--
INFO: Run Behavior\ReadHtmlCacheBehavior [ RunTime:0.000657s ]
INFO: [ app_begin ] --END-- [ RunTime:0.000693s ]
INFO: [ app_end ] --START--
INFO: Run Behavior\ShowPageTraceBehavior [ RunTime:0.000708s ]
INFO: [ app_end ] --END-- [ RunTime:0.000744s ]

[ 2018-04-22T00:54:36+08:00 ] 127.0.0.1 /
INFO: [ app_init ] --START--
INFO: Run Behavior\BuildLiteBehavior [ RunTime:0.000019s ]
INFO: [ app_init ] --END-- [ RunTime:0.000951s ]
INFO: [ app_begin ] --START--
INFO: Run Behavior\ReadHtmlCacheBehavior [ RunTime:0.001939s ]
INFO: [ app_begin ] --END-- [ RunTime:0.002052s ]
NOTIC: [8] Undefined variable: currencyCode H:\projects\20180421_paypal\Application\Home\Controller\IndexController.class.php 第 33 行.
NOTIC: [8] Undefined variable: currencyCode H:\projects\20180421_paypal\Application\Home\Controller\IndexController.class.php 第 42 行.
NOTIC: [2] Creating default object from empty value H:\projects\20180421_paypal\Application\Home\Controller\IndexController.class.php 第 42 行.
NOTIC: [8] Undefined variable: currencyCode H:\projects\20180421_paypal\Application\Home\Controller\IndexController.class.php 第 60 行.
INFO: [ app_end ] --START--
INFO: Run Behavior\ShowPageTraceBehavior [ RunTime:0.002065s ]
INFO: [ app_end ] --END-- [ RunTime:0.002188s ]

[ 2018-04-22T00:57:08+08:00 ] 127.0.0.1 /
INFO: [ app_init ] --START--
INFO: Run Behavior\BuildLiteBehavior [ RunTime:0.000010s ]
INFO: [ app_init ] --END-- [ RunTime:0.000706s ]
INFO: [ app_begin ] --START--
INFO: Run Behavior\ReadHtmlCacheBehavior [ RunTime:0.001116s ]
INFO: [ app_begin ] --END-- [ RunTime:0.001152s ]
NOTIC: [8] Undefined variable: currencyCode H:\projects\20180421_paypal\Application\Home\Controller\IndexController.class.php 第 35 行.
NOTIC: [8] Undefined variable: currencyCode H:\projects\20180421_paypal\Application\Home\Controller\IndexController.class.php 第 44 行.
NOTIC: [2] Creating default object from empty value H:\projects\20180421_paypal\Application\Home\Controller\IndexController.class.php 第 44 行.
NOTIC: [8] Undefined variable: currencyCode H:\projects\20180421_paypal\Application\Home\Controller\IndexController.class.php 第 62 行.
ERR: Failed to connect to api-3t.sandbox.paypal.com port 443: Timed out

[ 2018-04-22T00:59:56+08:00 ] 127.0.0.1 /
INFO: [ app_init ] --START--
INFO: Run Behavior\BuildLiteBehavior [ RunTime:0.000040s ]
INFO: [ app_init ] --END-- [ RunTime:0.001602s ]
INFO: [ app_begin ] --START--
INFO: Run Behavior\ReadHtmlCacheBehavior [ RunTime:0.000604s ]
INFO: [ app_begin ] --END-- [ RunTime:0.000645s ]
NOTIC: [8] Undefined variable: currencyCode H:\projects\20180421_paypal\Application\Home\Controller\IndexController.class.php 第 35 行.
NOTIC: [8] Undefined variable: currencyCode H:\projects\20180421_paypal\Application\Home\Controller\IndexController.class.php 第 44 行.
NOTIC: [2] Creating default object from empty value H:\projects\20180421_paypal\Application\Home\Controller\IndexController.class.php 第 44 行.
NOTIC: [8] Undefined variable: currencyCode H:\projects\20180421_paypal\Application\Home\Controller\IndexController.class.php 第 62 行.
INFO: [ app_end ] --START--
INFO: Run Behavior\ShowPageTraceBehavior [ RunTime:0.000869s ]
INFO: [ app_end ] --END-- [ RunTime:0.000917s ]

[ 2018-04-22T01:01:08+08:00 ] 127.0.0.1 /
INFO: [ app_init ] --START--
INFO: Run Behavior\BuildLiteBehavior [ RunTime:0.000009s ]
INFO: [ app_init ] --END-- [ RunTime:0.000573s ]
INFO: [ app_begin ] --START--
INFO: Run Behavior\ReadHtmlCacheBehavior [ RunTime:0.000657s ]
INFO: [ app_begin ] --END-- [ RunTime:0.000693s ]
NOTIC: [8] Undefined variable: currencyCode H:\projects\20180421_paypal\Application\Home\Controller\IndexController.class.php 第 35 行.
NOTIC: [8] Undefined variable: currencyCode H:\projects\20180421_paypal\Application\Home\Controller\IndexController.class.php 第 44 行.
NOTIC: [2] Creating default object from empty value H:\projects\20180421_paypal\Application\Home\Controller\IndexController.class.php 第 44 行.
NOTIC: [8] Undefined variable: currencyCode H:\projects\20180421_paypal\Application\Home\Controller\IndexController.class.php 第 62 行.
INFO: [ app_end ] --START--
INFO: Run Behavior\ShowPageTraceBehavior [ RunTime:0.002017s ]
INFO: [ app_end ] --END-- [ RunTime:0.002144s ]

[ 2018-04-22T01:01:44+08:00 ] 127.0.0.1 /index.php?s=/home/index/return1&token=EC-41M21875MH654290J&PayerID=VEW8JYRKUP85W
INFO: [ app_init ] --START--
INFO: Run Behavior\BuildLiteBehavior [ RunTime:0.000014s ]
INFO: [ app_init ] --END-- [ RunTime:0.001041s ]
INFO: [ app_begin ] --START--
INFO: Run Behavior\ReadHtmlCacheBehavior [ RunTime:0.000770s ]
INFO: [ app_begin ] --END-- [ RunTime:0.000834s ]
INFO: [ app_end ] --START--
INFO: Run Behavior\ShowPageTraceBehavior [ RunTime:0.000629s ]
INFO: [ app_end ] --END-- [ RunTime:0.000665s ]

[ 2018-04-22T01:02:29+08:00 ] 127.0.0.1 /
INFO: [ app_init ] --START--
INFO: Run Behavior\BuildLiteBehavior [ RunTime:0.000010s ]
INFO: [ app_init ] --END-- [ RunTime:0.000643s ]
INFO: [ app_begin ] --START--
INFO: Run Behavior\ReadHtmlCacheBehavior [ RunTime:0.001343s ]
INFO: [ app_begin ] --END-- [ RunTime:0.001398s ]
NOTIC: [8] Undefined variable: currencyCode H:\projects\20180421_paypal\Application\Home\Controller\IndexController.class.php 第 35 行.
NOTIC: [8] Undefined variable: currencyCode H:\projects\20180421_paypal\Application\Home\Controller\IndexController.class.php 第 44 行.
NOTIC: [2] Creating default object from empty value H:\projects\20180421_paypal\Application\Home\Controller\IndexController.class.php 第 44 行.
NOTIC: [8] Undefined variable: currencyCode H:\projects\20180421_paypal\Application\Home\Controller\IndexController.class.php 第 62 行.
INFO: [ app_end ] --START--
INFO: Run Behavior\ShowPageTraceBehavior [ RunTime:0.000882s ]
INFO: [ app_end ] --END-- [ RunTime:0.000923s ]

[ 2018-04-22T01:02:29+08:00 ] 127.0.0.1 /index.php?s=/home/index/return1&token=EC-41M21875MH654290J&PayerID=VEW8JYRKUP85W
INFO: [ app_init ] --START--
INFO: Run Behavior\BuildLiteBehavior [ RunTime:0.000010s ]
INFO: [ app_init ] --END-- [ RunTime:0.000704s ]
INFO: [ app_begin ] --START--
INFO: Run Behavior\ReadHtmlCacheBehavior [ RunTime:0.000716s ]
INFO: [ app_begin ] --END-- [ RunTime:0.000752s ]
INFO: [ app_end ] --START--
INFO: Run Behavior\ShowPageTraceBehavior [ RunTime:0.000790s ]
INFO: [ app_end ] --END-- [ RunTime:0.000853s ]

[ 2018-04-22T01:02:37+08:00 ] 127.0.0.1 /
INFO: [ app_init ] --START--
INFO: Run Behavior\BuildLiteBehavior [ RunTime:0.000009s ]
INFO: [ app_init ] --END-- [ RunTime:0.000511s ]
INFO: [ app_begin ] --START--
INFO: Run Behavior\ReadHtmlCacheBehavior [ RunTime:0.000746s ]
INFO: [ app_begin ] --END-- [ RunTime:0.000778s ]
NOTIC: [8] Undefined variable: currencyCode H:\projects\20180421_paypal\Application\Home\Controller\IndexController.class.php 第 35 行.
NOTIC: [8] Undefined variable: currencyCode H:\projects\20180421_paypal\Application\Home\Controller\IndexController.class.php 第 44 行.
NOTIC: [2] Creating default object from empty value H:\projects\20180421_paypal\Application\Home\Controller\IndexController.class.php 第 44 行.
NOTIC: [8] Undefined variable: currencyCode H:\projects\20180421_paypal\Application\Home\Controller\IndexController.class.php 第 62 行.
INFO: [ app_end ] --START--
INFO: Run Behavior\ShowPageTraceBehavior [ RunTime:0.000847s ]
INFO: [ app_end ] --END-- [ RunTime:0.000893s ]

